{
  "/Users/svetlana/Documents/react-test/react-test/src/store/listCardSlice.ts": {
    "path": "/Users/svetlana/Documents/react-test/react-test/src/store/listCardSlice.ts",
    "statementMap": {
      "0": {
        "start": {
          "line": 2,
          "column": 24
        },
        "end": {
          "line": 2,
          "column": 56
        }
      },
      "1": {
        "start": {
          "line": 3,
          "column": 21
        },
        "end": {
          "line": 5,
          "column": 1
        }
      },
      "2": {
        "start": {
          "line": 6,
          "column": 22
        },
        "end": {
          "line": 26,
          "column": 2
        }
      },
      "3": {
        "start": {
          "line": 11,
          "column": 6
        },
        "end": {
          "line": 23,
          "column": 9
        }
      },
      "4": {
        "start": {
          "line": 27,
          "column": 31
        },
        "end": {
          "line": 27,
          "column": 52
        }
      }
    },
    "fnMap": {
      "0": {
        "name": "(anonymous_0)",
        "decl": {
          "start": {
            "line": 10,
            "column": 4
          },
          "end": {
            "line": 10,
            "column": 5
          }
        },
        "loc": {
          "start": {
            "line": 10,
            "column": 31
          },
          "end": {
            "line": 24,
            "column": 5
          }
        },
        "line": 10
      }
    },
    "branchMap": {
      "0": {
        "loc": {
          "start": {
            "line": 2,
            "column": 24
          },
          "end": {
            "line": 2,
            "column": 56
          }
        },
        "type": "binary-expr",
        "locations": [
          {
            "start": {
              "line": 2,
              "column": 24
            },
            "end": {
              "line": 2,
              "column": 42
            }
          },
          {
            "start": {
              "line": 2,
              "column": 46
            },
            "end": {
              "line": 2,
              "column": 56
            }
          }
        ],
        "line": 2
      }
    },
    "s": {
      "0": 20,
      "1": 20,
      "2": 20,
      "3": 0,
      "4": 20
    },
    "f": {
      "0": 0
    },
    "b": {
      "0": [
        20,
        20
      ]
    },
    "inputSourceMap": {
      "version": 3,
      "sources": [
        "/Users/svetlana/Documents/react-test/react-test/src/store/listCardSlice.ts"
      ],
      "mappings": "AAAA,YAAY,gBAAgB;AAC5B,MAAM,EAAE,YAAY,IAAK,WAAmB,WAAW;AASvD,MAAM,eAA+B;AAAA,EACnC,MAAM,CAAC;AACT;AAEA,MAAM,gBAAgB,YAAY;AAAA,EAChC,MAAM;AAAA,EACN;AAAA,EACA,UAAU;AAAA,IACR,YAAY,OAAuB,QAAkC;AACnE,YAAM,KAAK,KAAK;AAAA,QACd,IAAI,OAAO,QAAQ;AAAA,QACnB,MAAM;AAAA,QACN,QAAQ;AAAA,QACR,QAAQ,CAAC;AAAA,QACT,MAAM,OAAO,QAAQ;AAAA,QACrB,MAAM,OAAO,QAAQ;AAAA,QACrB,UAAU,OAAO,QAAQ;AAAA,QACzB,aAAa,OAAO,QAAQ;AAAA,QAC5B,OAAO,OAAO,QAAQ;AAAA,QACtB,OAAO,OAAO,QAAQ;AAAA,QACtB,WAAW,OAAO,QAAQ;AAAA,MAC5B,CAAC;AAAA,IACH;AAAA,EACF;AACF,CAAC;AAEM,aAAM,EAAE,YAAY,IAAI,cAAc;AAE7C,eAAe,cAAc;",
      "names": []
    },
    "_coverageSchema": "1a1c01bbd47fc00a2c39e90264f33305004495a9",
    "hash": "0b06742977e884d912b9e7cf3dce156046992e49"
  },
  "/Users/svetlana/Documents/react-test/react-test/src/store/searchInputSlice.ts": {
    "path": "/Users/svetlana/Documents/react-test/react-test/src/store/searchInputSlice.ts",
    "statementMap": {
      "0": {
        "start": {
          "line": 2,
          "column": 24
        },
        "end": {
          "line": 2,
          "column": 56
        }
      },
      "1": {
        "start": {
          "line": 3,
          "column": 25
        },
        "end": {
          "line": 11,
          "column": 2
        }
      },
      "2": {
        "start": {
          "line": 8,
          "column": 6
        },
        "end": {
          "line": 8,
          "column": 35
        }
      },
      "3": {
        "start": {
          "line": 12,
          "column": 37
        },
        "end": {
          "line": 12,
          "column": 61
        }
      }
    },
    "fnMap": {
      "0": {
        "name": "(anonymous_0)",
        "decl": {
          "start": {
            "line": 7,
            "column": 4
          },
          "end": {
            "line": 7,
            "column": 5
          }
        },
        "loc": {
          "start": {
            "line": 7,
            "column": 37
          },
          "end": {
            "line": 9,
            "column": 5
          }
        },
        "line": 7
      }
    },
    "branchMap": {
      "0": {
        "loc": {
          "start": {
            "line": 2,
            "column": 24
          },
          "end": {
            "line": 2,
            "column": 56
          }
        },
        "type": "binary-expr",
        "locations": [
          {
            "start": {
              "line": 2,
              "column": 24
            },
            "end": {
              "line": 2,
              "column": 42
            }
          },
          {
            "start": {
              "line": 2,
              "column": 46
            },
            "end": {
              "line": 2,
              "column": 56
            }
          }
        ],
        "line": 2
      }
    },
    "s": {
      "0": 20,
      "1": 20,
      "2": 4,
      "3": 20
    },
    "f": {
      "0": 4
    },
    "b": {
      "0": [
        20,
        20
      ]
    },
    "inputSourceMap": {
      "version": 3,
      "sources": [
        "/Users/svetlana/Documents/react-test/react-test/src/store/searchInputSlice.ts"
      ],
      "mappings": "AAAA,YAAY,gBAAgB;AAC5B,MAAM,EAAE,YAAY,IAAK,WAAmB,WAAW;AAOvD,MAAM,mBAAmB,YAAY;AAAA,EACnC,MAAM;AAAA,EACN,cAAc,EAAE,OAAO,GAAG;AAAA,EAC1B,UAAU;AAAA,IACR,kBAAkB,OAA+B,QAA+B;AAC9E,YAAM,QAAQ,OAAO;AAAA,IACvB;AAAA,EACF;AACF,CAAC;AAEM,aAAM,EAAE,kBAAkB,IAAI,iBAAiB;AAEtD,eAAe,iBAAiB;",
      "names": []
    },
    "_coverageSchema": "1a1c01bbd47fc00a2c39e90264f33305004495a9",
    "hash": "115cbc6aee1aa37edc65177d771182711ebaa33d"
  },
  "/Users/svetlana/Documents/react-test/react-test/src/store/settingsApi.ts": {
    "path": "/Users/svetlana/Documents/react-test/react-test/src/store/settingsApi.ts",
    "statementMap": {
      "0": {
        "start": {
          "line": 1,
          "column": 23
        },
        "end": {
          "line": 1,
          "column": 46
        }
      }
    },
    "fnMap": {},
    "branchMap": {},
    "s": {
      "0": 20
    },
    "f": {},
    "b": {},
    "inputSourceMap": {
      "version": 3,
      "sources": [
        "/Users/svetlana/Documents/react-test/react-test/src/store/settingsApi.ts"
      ],
      "mappings": "AAAO,aAAM,UAAU;",
      "names": []
    },
    "_coverageSchema": "1a1c01bbd47fc00a2c39e90264f33305004495a9",
    "hash": "75c02860334cfc5dadcb2eaac62c3b88f4eeff40"
  },
  "/Users/svetlana/Documents/react-test/react-test/src/store/type.ts": {
    "path": "/Users/svetlana/Documents/react-test/react-test/src/store/type.ts",
    "statementMap": {
      "0": {
        "start": {
          "line": 1,
          "column": 44
        },
        "end": {
          "line": 5,
          "column": 24
        }
      },
      "1": {
        "start": {
          "line": 2,
          "column": 2
        },
        "end": {
          "line": 2,
          "column": 41
        }
      },
      "2": {
        "start": {
          "line": 3,
          "column": 2
        },
        "end": {
          "line": 3,
          "column": 43
        }
      },
      "3": {
        "start": {
          "line": 4,
          "column": 2
        },
        "end": {
          "line": 4,
          "column": 25
        }
      }
    },
    "fnMap": {
      "0": {
        "name": "(anonymous_0)",
        "decl": {
          "start": {
            "line": 1,
            "column": 45
          },
          "end": {
            "line": 1,
            "column": 46
          }
        },
        "loc": {
          "start": {
            "line": 1,
            "column": 66
          },
          "end": {
            "line": 5,
            "column": 1
          }
        },
        "line": 1
      }
    },
    "branchMap": {
      "0": {
        "loc": {
          "start": {
            "line": 5,
            "column": 3
          },
          "end": {
            "line": 5,
            "column": 23
          }
        },
        "type": "binary-expr",
        "locations": [
          {
            "start": {
              "line": 5,
              "column": 3
            },
            "end": {
              "line": 5,
              "column": 17
            }
          },
          {
            "start": {
              "line": 5,
              "column": 21
            },
            "end": {
              "line": 5,
              "column": 23
            }
          }
        ],
        "line": 5
      }
    },
    "s": {
      "0": 20,
      "1": 20,
      "2": 20,
      "3": 20
    },
    "f": {
      "0": 20
    },
    "b": {
      "0": [
        20,
        20
      ]
    },
    "inputSourceMap": {
      "version": 3,
      "sources": [
        "/Users/svetlana/Documents/react-test/react-test/src/store/type.ts"
      ],
      "mappings": "AAAO,WAAK,iBAAL,kBAAKA,oBAAL;AACL,EAAAA,gBAAA,aAAU;AACV,EAAAA,gBAAA,cAAW;AAFD,SAAAA;AAAA,GAAA;",
      "names": [
        "STATUS_REQUEST"
      ]
    },
    "_coverageSchema": "1a1c01bbd47fc00a2c39e90264f33305004495a9",
    "hash": "4b2da14ed3c817fea08cadbd7c98ba69825fae7a"
  },
  "/Users/svetlana/Documents/react-test/react-test/src/store/listProductsSlice.ts": {
    "path": "/Users/svetlana/Documents/react-test/react-test/src/store/listProductsSlice.ts",
    "statementMap": {
      "0": {
        "start": {
          "line": 2,
          "column": 42
        },
        "end": {
          "line": 2,
          "column": 74
        }
      },
      "1": {
        "start": {
          "line": 6,
          "column": 15
        },
        "end": {
          "line": 6,
          "column": 36
        }
      },
      "2": {
        "start": {
          "line": 7,
          "column": 2
        },
        "end": {
          "line": 9,
          "column": 3
        }
      },
      "3": {
        "start": {
          "line": 8,
          "column": 4
        },
        "end": {
          "line": 8,
          "column": 36
        }
      },
      "4": {
        "start": {
          "line": 10,
          "column": 19
        },
        "end": {
          "line": 10,
          "column": 38
        }
      },
      "5": {
        "start": {
          "line": 11,
          "column": 2
        },
        "end": {
          "line": 11,
          "column": 31
        }
      },
      "6": {
        "start": {
          "line": 13,
          "column": 29
        },
        "end": {
          "line": 13,
          "column": 89
        }
      },
      "7": {
        "start": {
          "line": 14,
          "column": 26
        },
        "end": {
          "line": 35,
          "column": 2
        }
      },
      "8": {
        "start": {
          "line": 23,
          "column": 4
        },
        "end": {
          "line": 26,
          "column": 7
        }
      },
      "9": {
        "start": {
          "line": 24,
          "column": 6
        },
        "end": {
          "line": 24,
          "column": 44
        }
      },
      "10": {
        "start": {
          "line": 25,
          "column": 6
        },
        "end": {
          "line": 25,
          "column": 23
        }
      },
      "11": {
        "start": {
          "line": 27,
          "column": 4
        },
        "end": {
          "line": 33,
          "column": 6
        }
      },
      "12": {
        "start": {
          "line": 30,
          "column": 8
        },
        "end": {
          "line": 30,
          "column": 47
        }
      },
      "13": {
        "start": {
          "line": 31,
          "column": 8
        },
        "end": {
          "line": 31,
          "column": 49
        }
      }
    },
    "fnMap": {
      "0": {
        "name": "getProductsFetch",
        "decl": {
          "start": {
            "line": 5,
            "column": 22
          },
          "end": {
            "line": 5,
            "column": 38
          }
        },
        "loc": {
          "start": {
            "line": 5,
            "column": 47
          },
          "end": {
            "line": 12,
            "column": 1
          }
        },
        "line": 5
      },
      "1": {
        "name": "(anonymous_1)",
        "decl": {
          "start": {
            "line": 22,
            "column": 17
          },
          "end": {
            "line": 22,
            "column": 18
          }
        },
        "loc": {
          "start": {
            "line": 22,
            "column": 30
          },
          "end": {
            "line": 34,
            "column": 3
          }
        },
        "line": 22
      },
      "2": {
        "name": "(anonymous_2)",
        "decl": {
          "start": {
            "line": 23,
            "column": 43
          },
          "end": {
            "line": 23,
            "column": 44
          }
        },
        "loc": {
          "start": {
            "line": 23,
            "column": 54
          },
          "end": {
            "line": 26,
            "column": 5
          }
        },
        "line": 23
      },
      "3": {
        "name": "(anonymous_3)",
        "decl": {
          "start": {
            "line": 29,
            "column": 6
          },
          "end": {
            "line": 29,
            "column": 7
          }
        },
        "loc": {
          "start": {
            "line": 29,
            "column": 25
          },
          "end": {
            "line": 32,
            "column": 7
          }
        },
        "line": 29
      }
    },
    "branchMap": {
      "0": {
        "loc": {
          "start": {
            "line": 2,
            "column": 42
          },
          "end": {
            "line": 2,
            "column": 74
          }
        },
        "type": "binary-expr",
        "locations": [
          {
            "start": {
              "line": 2,
              "column": 42
            },
            "end": {
              "line": 2,
              "column": 60
            }
          },
          {
            "start": {
              "line": 2,
              "column": 64
            },
            "end": {
              "line": 2,
              "column": 74
            }
          }
        ],
        "line": 2
      },
      "1": {
        "loc": {
          "start": {
            "line": 7,
            "column": 2
          },
          "end": {
            "line": 9,
            "column": 3
          }
        },
        "type": "if",
        "locations": [
          {
            "start": {
              "line": 7,
              "column": 2
            },
            "end": {
              "line": 9,
              "column": 3
            }
          },
          {
            "start": {},
            "end": {}
          }
        ],
        "line": 7
      }
    },
    "s": {
      "0": 20,
      "1": 4,
      "2": 4,
      "3": 4,
      "4": 4,
      "5": 2,
      "6": 20,
      "7": 20,
      "8": 20,
      "9": 4,
      "10": 4,
      "11": 20,
      "12": 2,
      "13": 2
    },
    "f": {
      "0": 4,
      "1": 20,
      "2": 4,
      "3": 2
    },
    "b": {
      "0": [
        20,
        20
      ],
      "1": [
        4,
        0
      ]
    },
    "inputSourceMap": {
      "version": 3,
      "sources": [
        "/Users/svetlana/Documents/react-test/react-test/src/store/listProductsSlice.ts"
      ],
      "mappings": "AAAA,YAAY,gBAAgB;AAC5B,MAAM,EAAE,aAAa,iBAAiB,IAAK,WAAmB,WAAW;AAGzE,SAAS,eAAe;AACxB,SAAS,sBAAsB;AAS/B,sBAAsB,iBAAiB,QAAiB;AACtD,MAAI,SAAS,GAAG;AAChB,MAAI,QAAQ;AACV,cAAU,aAAa;AAAA,EACzB;AACA,QAAM,WAAW,MAAM,MAAM,MAAM;AAEnC,SAAQ,MAAM,SAAS,KAAK;AAC9B;AAEO,aAAM,gBAAgB,iBAAiB,0BAA0B,gBAAgB;AAExF,MAAM,oBAAoB,YAAY;AAAA,EACpC,MAAM;AAAA,EACN,cAAc;AAAA,IACZ,UAAU,MAAoB;AAAA,IAC9B,QAAQ,eAAe;AAAA,IACvB,OAAO;AAAA,EACT;AAAA,EACA,UAAU,CAAC;AAAA,EACX,eAAe,CAAC,YAA8D;AAC5E,YAAQ,QAAQ,cAAc,SAAS,CAAC,UAAmC;AACzE,YAAM,SAAS,eAAe;AAC9B,YAAM,QAAQ;AAAA,IAChB,CAAC;AACD,YAAQ;AAAA,MACN,cAAc;AAAA,MACd,CAAC,OAAgC,WAA4C;AAC3E,cAAM,SAAS,eAAe;AAC9B,cAAM,WAAW,OAAO,QAAQ;AAAA,MAClC;AAAA,IACF;AAAA,EACF;AACF,CAAC;AAED,eAAe,kBAAkB;",
      "names": []
    },
    "_coverageSchema": "1a1c01bbd47fc00a2c39e90264f33305004495a9",
    "hash": "a80fbbba12efcee79f56312573187cfa887523e4"
  },
  "/Users/svetlana/Documents/react-test/react-test/src/store/productSlice.ts": {
    "path": "/Users/svetlana/Documents/react-test/react-test/src/store/productSlice.ts",
    "statementMap": {
      "0": {
        "start": {
          "line": 2,
          "column": 42
        },
        "end": {
          "line": 2,
          "column": 74
        }
      },
      "1": {
        "start": {
          "line": 5,
          "column": 28
        },
        "end": {
          "line": 11,
          "column": 2
        }
      },
      "2": {
        "start": {
          "line": 6,
          "column": 2
        },
        "end": {
          "line": 8,
          "column": 3
        }
      },
      "3": {
        "start": {
          "line": 7,
          "column": 4
        },
        "end": {
          "line": 7,
          "column": 11
        }
      },
      "4": {
        "start": {
          "line": 9,
          "column": 19
        },
        "end": {
          "line": 9,
          "column": 58
        }
      },
      "5": {
        "start": {
          "line": 10,
          "column": 2
        },
        "end": {
          "line": 10,
          "column": 31
        }
      },
      "6": {
        "start": {
          "line": 12,
          "column": 23
        },
        "end": {
          "line": 24,
          "column": 1
        }
      },
      "7": {
        "start": {
          "line": 25,
          "column": 21
        },
        "end": {
          "line": 48,
          "column": 2
        }
      },
      "8": {
        "start": {
          "line": 34,
          "column": 4
        },
        "end": {
          "line": 37,
          "column": 7
        }
      },
      "9": {
        "start": {
          "line": 35,
          "column": 6
        },
        "end": {
          "line": 35,
          "column": 44
        }
      },
      "10": {
        "start": {
          "line": 36,
          "column": 6
        },
        "end": {
          "line": 36,
          "column": 23
        }
      },
      "11": {
        "start": {
          "line": 38,
          "column": 4
        },
        "end": {
          "line": 46,
          "column": 6
        }
      },
      "12": {
        "start": {
          "line": 41,
          "column": 8
        },
        "end": {
          "line": 41,
          "column": 47
        }
      },
      "13": {
        "start": {
          "line": 42,
          "column": 8
        },
        "end": {
          "line": 44,
          "column": 9
        }
      },
      "14": {
        "start": {
          "line": 43,
          "column": 10
        },
        "end": {
          "line": 43,
          "column": 41
        }
      }
    },
    "fnMap": {
      "0": {
        "name": "(anonymous_0)",
        "decl": {
          "start": {
            "line": 5,
            "column": 69
          },
          "end": {
            "line": 5,
            "column": 70
          }
        },
        "loc": {
          "start": {
            "line": 5,
            "column": 88
          },
          "end": {
            "line": 11,
            "column": 1
          }
        },
        "line": 5
      },
      "1": {
        "name": "(anonymous_1)",
        "decl": {
          "start": {
            "line": 33,
            "column": 17
          },
          "end": {
            "line": 33,
            "column": 18
          }
        },
        "loc": {
          "start": {
            "line": 33,
            "column": 30
          },
          "end": {
            "line": 47,
            "column": 3
          }
        },
        "line": 33
      },
      "2": {
        "name": "(anonymous_2)",
        "decl": {
          "start": {
            "line": 34,
            "column": 42
          },
          "end": {
            "line": 34,
            "column": 43
          }
        },
        "loc": {
          "start": {
            "line": 34,
            "column": 53
          },
          "end": {
            "line": 37,
            "column": 5
          }
        },
        "line": 34
      },
      "3": {
        "name": "(anonymous_3)",
        "decl": {
          "start": {
            "line": 40,
            "column": 6
          },
          "end": {
            "line": 40,
            "column": 7
          }
        },
        "loc": {
          "start": {
            "line": 40,
            "column": 25
          },
          "end": {
            "line": 45,
            "column": 7
          }
        },
        "line": 40
      }
    },
    "branchMap": {
      "0": {
        "loc": {
          "start": {
            "line": 2,
            "column": 42
          },
          "end": {
            "line": 2,
            "column": 74
          }
        },
        "type": "binary-expr",
        "locations": [
          {
            "start": {
              "line": 2,
              "column": 42
            },
            "end": {
              "line": 2,
              "column": 60
            }
          },
          {
            "start": {
              "line": 2,
              "column": 64
            },
            "end": {
              "line": 2,
              "column": 74
            }
          }
        ],
        "line": 2
      },
      "1": {
        "loc": {
          "start": {
            "line": 6,
            "column": 2
          },
          "end": {
            "line": 8,
            "column": 3
          }
        },
        "type": "if",
        "locations": [
          {
            "start": {
              "line": 6,
              "column": 2
            },
            "end": {
              "line": 8,
              "column": 3
            }
          },
          {
            "start": {},
            "end": {}
          }
        ],
        "line": 6
      },
      "2": {
        "loc": {
          "start": {
            "line": 42,
            "column": 8
          },
          "end": {
            "line": 44,
            "column": 9
          }
        },
        "type": "if",
        "locations": [
          {
            "start": {
              "line": 42,
              "column": 8
            },
            "end": {
              "line": 44,
              "column": 9
            }
          },
          {
            "start": {},
            "end": {}
          }
        ],
        "line": 42
      }
    },
    "s": {
      "0": 20,
      "1": 20,
      "2": 2,
      "3": 0,
      "4": 2,
      "5": 2,
      "6": 20,
      "7": 20,
      "8": 20,
      "9": 2,
      "10": 2,
      "11": 20,
      "12": 2,
      "13": 2,
      "14": 2
    },
    "f": {
      "0": 2,
      "1": 20,
      "2": 2,
      "3": 2
    },
    "b": {
      "0": [
        20,
        20
      ],
      "1": [
        0,
        2
      ],
      "2": [
        2,
        0
      ]
    },
    "inputSourceMap": {
      "version": 3,
      "sources": [
        "/Users/svetlana/Documents/react-test/react-test/src/store/productSlice.ts"
      ],
      "mappings": "AAAA,YAAY,gBAAgB;AAC5B,MAAM,EAAE,aAAa,iBAAiB,IAAK,WAAmB,WAAW;AAGzE,SAAS,eAAe;AACxB,SAAS,sBAAsB;AAGxB,aAAM,eAAe,iBAAiB,wBAAwB,eAAgB,IAAa;AAChG,MAAI,CAAC,IAAI;AACP;AAAA,EACF;AACA,QAAM,WAAW,MAAM,MAAM,GAAG,mBAAmB,IAAI;AAEvD,SAAQ,MAAM,SAAS,KAAK;AAC9B,CAAC;AAQD,MAAM,iBAA+B;AAAA,EACnC,IAAI;AAAA,EACJ,OAAO;AAAA,EACP,aAAa;AAAA,EACb,OAAO;AAAA,EACP,oBAAoB;AAAA,EACpB,QAAQ;AAAA,EACR,OAAO;AAAA,EACP,OAAO;AAAA,EACP,UAAU;AAAA,EACV,WAAW;AAAA,EACX,QAAQ,MAAc;AACxB;AAEA,MAAM,eAAe,YAAY;AAAA,EAC/B,MAAM;AAAA,EACN,cAAc;AAAA,IACZ,SAAS;AAAA,IACT,QAAQ,eAAe;AAAA,IACvB,OAAO;AAAA,EACT;AAAA,EACA,UAAU,CAAC;AAAA,EACX,eAAe,CAAC,YAAyD;AACvE,YAAQ,QAAQ,aAAa,SAAS,CAAC,UAA8B;AACnE,YAAM,SAAS,eAAe;AAC9B,YAAM,QAAQ;AAAA,IAChB,CAAC;AACD,YAAQ;AAAA,MACN,aAAa;AAAA,MACb,CAAC,OAA2B,WAAwC;AAClE,cAAM,SAAS,eAAe;AAC9B,YAAI,OAAO,SAAS;AAClB,gBAAM,UAAU,OAAO;AAAA,QACzB;AAAA,MACF;AAAA,IACF;AAAA,EACF;AACF,CAAC;AAED,eAAe,aAAa;",
      "names": []
    },
    "_coverageSchema": "1a1c01bbd47fc00a2c39e90264f33305004495a9",
    "hash": "2fcfde8d689c2ccc75684621374d15e998e88c50"
  },
  "/Users/svetlana/Documents/react-test/react-test/src/store/store.ts": {
    "path": "/Users/svetlana/Documents/react-test/react-test/src/store/store.ts",
    "statementMap": {
      "0": {
        "start": {
          "line": 2,
          "column": 44
        },
        "end": {
          "line": 2,
          "column": 76
        }
      },
      "1": {
        "start": {
          "line": 7,
          "column": 20
        },
        "end": {
          "line": 12,
          "column": 2
        }
      },
      "2": {
        "start": {
          "line": 13,
          "column": 26
        },
        "end": {
          "line": 18,
          "column": 1
        }
      },
      "3": {
        "start": {
          "line": 14,
          "column": 2
        },
        "end": {
          "line": 17,
          "column": 5
        }
      }
    },
    "fnMap": {
      "0": {
        "name": "(anonymous_0)",
        "decl": {
          "start": {
            "line": 13,
            "column": 26
          },
          "end": {
            "line": 13,
            "column": 27
          }
        },
        "loc": {
          "start": {
            "line": 13,
            "column": 46
          },
          "end": {
            "line": 18,
            "column": 1
          }
        },
        "line": 13
      }
    },
    "branchMap": {
      "0": {
        "loc": {
          "start": {
            "line": 2,
            "column": 44
          },
          "end": {
            "line": 2,
            "column": 76
          }
        },
        "type": "binary-expr",
        "locations": [
          {
            "start": {
              "line": 2,
              "column": 44
            },
            "end": {
              "line": 2,
              "column": 62
            }
          },
          {
            "start": {
              "line": 2,
              "column": 66
            },
            "end": {
              "line": 2,
              "column": 76
            }
          }
        ],
        "line": 2
      }
    },
    "s": {
      "0": 20,
      "1": 20,
      "2": 20,
      "3": 20
    },
    "f": {
      "0": 20
    },
    "b": {
      "0": [
        20,
        20
      ]
    },
    "inputSourceMap": {
      "version": 3,
      "sources": [
        "/Users/svetlana/Documents/react-test/react-test/src/store/store.ts"
      ],
      "mappings": "AAAA,YAAY,gBAAgB;AAC5B,MAAM,EAAE,gBAAgB,gBAAgB,IAAK,WAAmB,WAAW;AAG3E,OAAO,qBAAqB;AAC5B,OAAO,wBAAwB;AAC/B,OAAO,uBAAuB;AAC9B,OAAO,kBAAkB;AAEzB,MAAM,cAAc,gBAAgB;AAAA,EAClC,UAAU;AAAA,EACV,aAAa;AAAA,EACb,aAAa;AAAA,EACb,SAAS;AACX,CAAC;AAEM,aAAM,aAAa,CAAC,mBAA+C;AACxE,SAAO,eAAe;AAAA,IACpB,SAAS;AAAA,IACT;AAAA,EACF,CAAC;AACH;",
      "names": []
    },
    "_coverageSchema": "1a1c01bbd47fc00a2c39e90264f33305004495a9",
    "hash": "459c1449f90bf85db2d994c8e13b1e5cfc6186d0"
  },
  "/Users/svetlana/Documents/react-test/react-test/src/components/pages/aboutPage/AboutPage.tsx": {
    "path": "/Users/svetlana/Documents/react-test/react-test/src/components/pages/aboutPage/AboutPage.tsx",
    "statementMap": {
      "0": {
        "start": {
          "line": 5,
          "column": 0
        },
        "end": {
          "line": 15,
          "column": 1
        }
      },
      "1": {
        "start": {
          "line": 6,
          "column": 2
        },
        "end": {
          "line": 8,
          "column": 3
        }
      },
      "2": {
        "start": {
          "line": 7,
          "column": 4
        },
        "end": {
          "line": 7,
          "column": 165
        }
      },
      "3": {
        "start": {
          "line": 9,
          "column": 2
        },
        "end": {
          "line": 9,
          "column": 39
        }
      },
      "4": {
        "start": {
          "line": 10,
          "column": 2
        },
        "end": {
          "line": 10,
          "column": 39
        }
      },
      "5": {
        "start": {
          "line": 11,
          "column": 2
        },
        "end": {
          "line": 13,
          "column": 4
        }
      },
      "6": {
        "start": {
          "line": 12,
          "column": 4
        },
        "end": {
          "line": 12,
          "column": 136
        }
      },
      "7": {
        "start": {
          "line": 14,
          "column": 2
        },
        "end": {
          "line": 14,
          "column": 75
        }
      },
      "8": {
        "start": {
          "line": 16,
          "column": 9
        },
        "end": {
          "line": 16,
          "column": 23
        }
      },
      "9": {
        "start": {
          "line": 19,
          "column": 2
        },
        "end": {
          "line": 19,
          "column": 7
        }
      },
      "10": {
        "start": {
          "line": 20,
          "column": 2
        },
        "end": {
          "line": 22,
          "column": 5
        }
      },
      "11": {
        "start": {
          "line": 21,
          "column": 4
        },
        "end": {
          "line": 21,
          "column": 32
        }
      },
      "12": {
        "start": {
          "line": 23,
          "column": 2
        },
        "end": {
          "line": 27,
          "column": 11
        }
      },
      "13": {
        "start": {
          "line": 29,
          "column": 0
        },
        "end": {
          "line": 29,
          "column": 46
        }
      },
      "14": {
        "start": {
          "line": 30,
          "column": 0
        },
        "end": {
          "line": 30,
          "column": 15
        }
      },
      "15": {
        "start": {
          "line": 33,
          "column": 0
        },
        "end": {
          "line": 33,
          "column": 30
        }
      },
      "16": {
        "start": {
          "line": 34,
          "column": 0
        },
        "end": {
          "line": 50,
          "column": 1
        }
      },
      "17": {
        "start": {
          "line": 35,
          "column": 2
        },
        "end": {
          "line": 35,
          "column": 39
        }
      },
      "18": {
        "start": {
          "line": 36,
          "column": 2
        },
        "end": {
          "line": 36,
          "column": 39
        }
      },
      "19": {
        "start": {
          "line": 37,
          "column": 2
        },
        "end": {
          "line": 49,
          "column": 5
        }
      },
      "20": {
        "start": {
          "line": 41,
          "column": 4
        },
        "end": {
          "line": 41,
          "column": 162
        }
      },
      "21": {
        "start": {
          "line": 42,
          "column": 4
        },
        "end": {
          "line": 48,
          "column": 7
        }
      },
      "22": {
        "start": {
          "line": 43,
          "column": 6
        },
        "end": {
          "line": 44,
          "column": 15
        }
      },
      "23": {
        "start": {
          "line": 44,
          "column": 8
        },
        "end": {
          "line": 44,
          "column": 15
        }
      },
      "24": {
        "start": {
          "line": 45,
          "column": 32
        },
        "end": {
          "line": 45,
          "column": 115
        }
      },
      "25": {
        "start": {
          "line": 46,
          "column": 6
        },
        "end": {
          "line": 47,
          "column": 54
        }
      },
      "26": {
        "start": {
          "line": 47,
          "column": 8
        },
        "end": {
          "line": 47,
          "column": 54
        }
      }
    },
    "fnMap": {
      "0": {
        "name": "(anonymous_0)",
        "decl": {
          "start": {
            "line": 11,
            "column": 24
          },
          "end": {
            "line": 11,
            "column": 25
          }
        },
        "loc": {
          "start": {
            "line": 11,
            "column": 38
          },
          "end": {
            "line": 13,
            "column": 3
          }
        },
        "line": 11
      },
      "1": {
        "name": "AboutPage",
        "decl": {
          "start": {
            "line": 18,
            "column": 9
          },
          "end": {
            "line": 18,
            "column": 18
          }
        },
        "loc": {
          "start": {
            "line": 18,
            "column": 26
          },
          "end": {
            "line": 28,
            "column": 1
          }
        },
        "line": 18
      },
      "2": {
        "name": "(anonymous_2)",
        "decl": {
          "start": {
            "line": 20,
            "column": 12
          },
          "end": {
            "line": 20,
            "column": 13
          }
        },
        "loc": {
          "start": {
            "line": 20,
            "column": 18
          },
          "end": {
            "line": 22,
            "column": 3
          }
        },
        "line": 20
      },
      "3": {
        "name": "(anonymous_3)",
        "decl": {
          "start": {
            "line": 40,
            "column": 9
          },
          "end": {
            "line": 40,
            "column": 10
          }
        },
        "loc": {
          "start": {
            "line": 40,
            "column": 29
          },
          "end": {
            "line": 49,
            "column": 3
          }
        },
        "line": 40
      },
      "4": {
        "name": "(anonymous_4)",
        "decl": {
          "start": {
            "line": 42,
            "column": 27
          },
          "end": {
            "line": 42,
            "column": 28
          }
        },
        "loc": {
          "start": {
            "line": 42,
            "column": 44
          },
          "end": {
            "line": 48,
            "column": 5
          }
        },
        "line": 42
      }
    },
    "branchMap": {
      "0": {
        "loc": {
          "start": {
            "line": 5,
            "column": 0
          },
          "end": {
            "line": 15,
            "column": 1
          }
        },
        "type": "if",
        "locations": [
          {
            "start": {
              "line": 5,
              "column": 0
            },
            "end": {
              "line": 15,
              "column": 1
            }
          },
          {
            "start": {},
            "end": {}
          }
        ],
        "line": 5
      },
      "1": {
        "loc": {
          "start": {
            "line": 6,
            "column": 2
          },
          "end": {
            "line": 8,
            "column": 3
          }
        },
        "type": "if",
        "locations": [
          {
            "start": {
              "line": 6,
              "column": 2
            },
            "end": {
              "line": 8,
              "column": 3
            }
          },
          {
            "start": {},
            "end": {}
          }
        ],
        "line": 6
      },
      "2": {
        "loc": {
          "start": {
            "line": 34,
            "column": 0
          },
          "end": {
            "line": 50,
            "column": 1
          }
        },
        "type": "if",
        "locations": [
          {
            "start": {
              "line": 34,
              "column": 0
            },
            "end": {
              "line": 50,
              "column": 1
            }
          },
          {
            "start": {},
            "end": {}
          }
        ],
        "line": 34
      },
      "3": {
        "loc": {
          "start": {
            "line": 43,
            "column": 6
          },
          "end": {
            "line": 44,
            "column": 15
          }
        },
        "type": "if",
        "locations": [
          {
            "start": {
              "line": 43,
              "column": 6
            },
            "end": {
              "line": 44,
              "column": 15
            }
          },
          {
            "start": {},
            "end": {}
          }
        ],
        "line": 43
      },
      "4": {
        "loc": {
          "start": {
            "line": 46,
            "column": 6
          },
          "end": {
            "line": 47,
            "column": 54
          }
        },
        "type": "if",
        "locations": [
          {
            "start": {
              "line": 46,
              "column": 6
            },
            "end": {
              "line": 47,
              "column": 54
            }
          },
          {
            "start": {},
            "end": {}
          }
        ],
        "line": 46
      }
    },
    "s": {
      "0": 20,
      "1": 20,
      "2": 0,
      "3": 20,
      "4": 20,
      "5": 20,
      "6": 20,
      "7": 20,
      "8": 20,
      "9": 10,
      "10": 10,
      "11": 8,
      "12": 10,
      "13": 20,
      "14": 20,
      "15": 20,
      "16": 20,
      "17": 20,
      "18": 20,
      "19": 20,
      "20": 12,
      "21": 12,
      "22": 0,
      "23": 0,
      "24": 0,
      "25": 0,
      "26": 0
    },
    "f": {
      "0": 20,
      "1": 10,
      "2": 8,
      "3": 12,
      "4": 0
    },
    "b": {
      "0": [
        20,
        0
      ],
      "1": [
        0,
        20
      ],
      "2": [
        20,
        0
      ],
      "3": [
        0,
        0
      ],
      "4": [
        0,
        0
      ]
    },
    "inputSourceMap": {
      "version": 3,
      "mappings": "AAQS;;;;;;;;;;;;;;;;AART,SAASA,iBAAiB;AAI1B,SAASC,UAAUC,OAA6B;AAAAC;AAC9CH,YAAU,MAAM;AACdE,UAAME,SAASF,MAAMG,KAAK;AAAA,EAC5B,CAAC;AACD,SAAO,uBAAC,QAAG,0BAAJ;AAAA;AAAA;AAAA;AAAA,SAAc;AACvB;AAACF,GALQF,WAAS;AAAAK,KAATL;AAOT,SAASA;AAAY;AAAAM",
      "names": [
        "useEffect",
        "AboutPage",
        "props",
        "_s",
        "callback",
        "title",
        "_c",
        "$RefreshReg$"
      ],
      "sources": [
        "/Users/svetlana/Documents/react-test/react-test/src/components/pages/aboutPage/AboutPage.tsx"
      ],
      "file": "/Users/svetlana/Documents/react-test/react-test/src/components/pages/aboutPage/AboutPage.tsx"
    },
    "_coverageSchema": "1a1c01bbd47fc00a2c39e90264f33305004495a9",
    "hash": "f0aecb289f6262dc7f649b2f41f02b3d3ae654df"
  },
  "/Users/svetlana/Documents/react-test/react-test/src/components/itemCard/ItemCard.tsx": {
    "path": "/Users/svetlana/Documents/react-test/react-test/src/components/itemCard/ItemCard.tsx",
    "statementMap": {
      "0": {
        "start": {
          "line": 5,
          "column": 0
        },
        "end": {
          "line": 15,
          "column": 1
        }
      },
      "1": {
        "start": {
          "line": 6,
          "column": 2
        },
        "end": {
          "line": 8,
          "column": 3
        }
      },
      "2": {
        "start": {
          "line": 7,
          "column": 4
        },
        "end": {
          "line": 7,
          "column": 165
        }
      },
      "3": {
        "start": {
          "line": 9,
          "column": 2
        },
        "end": {
          "line": 9,
          "column": 39
        }
      },
      "4": {
        "start": {
          "line": 10,
          "column": 2
        },
        "end": {
          "line": 10,
          "column": 39
        }
      },
      "5": {
        "start": {
          "line": 11,
          "column": 2
        },
        "end": {
          "line": 13,
          "column": 4
        }
      },
      "6": {
        "start": {
          "line": 12,
          "column": 4
        },
        "end": {
          "line": 12,
          "column": 128
        }
      },
      "7": {
        "start": {
          "line": 14,
          "column": 2
        },
        "end": {
          "line": 14,
          "column": 75
        }
      },
      "8": {
        "start": {
          "line": 19,
          "column": 2
        },
        "end": {
          "line": 84,
          "column": 11
        }
      },
      "9": {
        "start": {
          "line": 86,
          "column": 0
        },
        "end": {
          "line": 86,
          "column": 14
        }
      },
      "10": {
        "start": {
          "line": 89,
          "column": 0
        },
        "end": {
          "line": 89,
          "column": 29
        }
      },
      "11": {
        "start": {
          "line": 90,
          "column": 0
        },
        "end": {
          "line": 106,
          "column": 1
        }
      },
      "12": {
        "start": {
          "line": 91,
          "column": 2
        },
        "end": {
          "line": 91,
          "column": 39
        }
      },
      "13": {
        "start": {
          "line": 92,
          "column": 2
        },
        "end": {
          "line": 92,
          "column": 39
        }
      },
      "14": {
        "start": {
          "line": 93,
          "column": 2
        },
        "end": {
          "line": 105,
          "column": 5
        }
      },
      "15": {
        "start": {
          "line": 97,
          "column": 4
        },
        "end": {
          "line": 97,
          "column": 154
        }
      },
      "16": {
        "start": {
          "line": 98,
          "column": 4
        },
        "end": {
          "line": 104,
          "column": 7
        }
      },
      "17": {
        "start": {
          "line": 99,
          "column": 6
        },
        "end": {
          "line": 100,
          "column": 15
        }
      },
      "18": {
        "start": {
          "line": 100,
          "column": 8
        },
        "end": {
          "line": 100,
          "column": 15
        }
      },
      "19": {
        "start": {
          "line": 101,
          "column": 32
        },
        "end": {
          "line": 101,
          "column": 115
        }
      },
      "20": {
        "start": {
          "line": 102,
          "column": 6
        },
        "end": {
          "line": 103,
          "column": 54
        }
      },
      "21": {
        "start": {
          "line": 103,
          "column": 8
        },
        "end": {
          "line": 103,
          "column": 54
        }
      }
    },
    "fnMap": {
      "0": {
        "name": "(anonymous_0)",
        "decl": {
          "start": {
            "line": 11,
            "column": 24
          },
          "end": {
            "line": 11,
            "column": 25
          }
        },
        "loc": {
          "start": {
            "line": 11,
            "column": 38
          },
          "end": {
            "line": 13,
            "column": 3
          }
        },
        "line": 11
      },
      "1": {
        "name": "ItemCard",
        "decl": {
          "start": {
            "line": 18,
            "column": 9
          },
          "end": {
            "line": 18,
            "column": 17
          }
        },
        "loc": {
          "start": {
            "line": 18,
            "column": 25
          },
          "end": {
            "line": 85,
            "column": 1
          }
        },
        "line": 18
      },
      "2": {
        "name": "(anonymous_2)",
        "decl": {
          "start": {
            "line": 96,
            "column": 9
          },
          "end": {
            "line": 96,
            "column": 10
          }
        },
        "loc": {
          "start": {
            "line": 96,
            "column": 29
          },
          "end": {
            "line": 105,
            "column": 3
          }
        },
        "line": 96
      },
      "3": {
        "name": "(anonymous_3)",
        "decl": {
          "start": {
            "line": 98,
            "column": 27
          },
          "end": {
            "line": 98,
            "column": 28
          }
        },
        "loc": {
          "start": {
            "line": 98,
            "column": 44
          },
          "end": {
            "line": 104,
            "column": 5
          }
        },
        "line": 98
      }
    },
    "branchMap": {
      "0": {
        "loc": {
          "start": {
            "line": 5,
            "column": 0
          },
          "end": {
            "line": 15,
            "column": 1
          }
        },
        "type": "if",
        "locations": [
          {
            "start": {
              "line": 5,
              "column": 0
            },
            "end": {
              "line": 15,
              "column": 1
            }
          },
          {
            "start": {},
            "end": {}
          }
        ],
        "line": 5
      },
      "1": {
        "loc": {
          "start": {
            "line": 6,
            "column": 2
          },
          "end": {
            "line": 8,
            "column": 3
          }
        },
        "type": "if",
        "locations": [
          {
            "start": {
              "line": 6,
              "column": 2
            },
            "end": {
              "line": 8,
              "column": 3
            }
          },
          {
            "start": {},
            "end": {}
          }
        ],
        "line": 6
      },
      "2": {
        "loc": {
          "start": {
            "line": 65,
            "column": 94
          },
          "end": {
            "line": 65,
            "column": 129
          }
        },
        "type": "cond-expr",
        "locations": [
          {
            "start": {
              "line": 65,
              "column": 113
            },
            "end": {
              "line": 65,
              "column": 124
            }
          },
          {
            "start": {
              "line": 65,
              "column": 127
            },
            "end": {
              "line": 65,
              "column": 129
            }
          }
        ],
        "line": 65
      },
      "3": {
        "loc": {
          "start": {
            "line": 90,
            "column": 0
          },
          "end": {
            "line": 106,
            "column": 1
          }
        },
        "type": "if",
        "locations": [
          {
            "start": {
              "line": 90,
              "column": 0
            },
            "end": {
              "line": 106,
              "column": 1
            }
          },
          {
            "start": {},
            "end": {}
          }
        ],
        "line": 90
      },
      "4": {
        "loc": {
          "start": {
            "line": 99,
            "column": 6
          },
          "end": {
            "line": 100,
            "column": 15
          }
        },
        "type": "if",
        "locations": [
          {
            "start": {
              "line": 99,
              "column": 6
            },
            "end": {
              "line": 100,
              "column": 15
            }
          },
          {
            "start": {},
            "end": {}
          }
        ],
        "line": 99
      },
      "5": {
        "loc": {
          "start": {
            "line": 102,
            "column": 6
          },
          "end": {
            "line": 103,
            "column": 54
          }
        },
        "type": "if",
        "locations": [
          {
            "start": {
              "line": 102,
              "column": 6
            },
            "end": {
              "line": 103,
              "column": 54
            }
          },
          {
            "start": {},
            "end": {}
          }
        ],
        "line": 102
      }
    },
    "s": {
      "0": 20,
      "1": 20,
      "2": 0,
      "3": 20,
      "4": 20,
      "5": 20,
      "6": 20,
      "7": 20,
      "8": 0,
      "9": 20,
      "10": 20,
      "11": 20,
      "12": 20,
      "13": 20,
      "14": 20,
      "15": 12,
      "16": 12,
      "17": 0,
      "18": 0,
      "19": 0,
      "20": 0,
      "21": 0
    },
    "f": {
      "0": 20,
      "1": 0,
      "2": 12,
      "3": 0
    },
    "b": {
      "0": [
        20,
        0
      ],
      "1": [
        0,
        20
      ],
      "2": [
        0,
        0
      ],
      "3": [
        20,
        0
      ],
      "4": [
        0,
        0
      ],
      "5": [
        0,
        0
      ]
    },
    "inputSourceMap": {
      "version": 3,
      "mappings": "AAOM;AAPN,2BAA0B;AAAM;AAAA;AAAA;AAAA;AAAA;AAAA;AAAA;AAAA;AAAA;AAAA;AAAA;AAAA;AAAA;AAChC,OAAO;AACP,OAAO;AAEP,SAASA,SAASC,OAA+B;AAC/C,SACE,uBAAC,SAAI,WAAU,aAAY,eAAY,aACrC;AAAA,2BAAC,SAAI,KAAKA,MAAMC,WAAW,KAAKD,MAAME,MAAM,WAAU,kBAAtD;AAAA;AAAA;AAAA;AAAA,WAAoE;AAAA,IACpE,uBAAC,SAAI,WAAU,6BACb;AAAA,6BAAC,OAAE,WAAU,SAAQ;AAAA;AAAA,QAAEF,MAAMG;AAAAA,WAA7B;AAAA;AAAA;AAAA;AAAA,aAAmC;AAAA,MAClCH,MAAMI;AAAAA,SAFT;AAAA;AAAA;AAAA;AAAA,WAGA;AAAA,IACA,uBAAC,SAAI,WAAU,kBACb;AAAA,6BAAC,QAAG,WAAU,cAAcJ,gBAAME,QAAlC;AAAA;AAAA;AAAA;AAAA,aAAuC;AAAA,MACvC,uBAAC,SAAI,WAAU,oBACZF;AAAAA,cAAMK;AAAAA,QACP,uBAAC,UAAD;AAAA;AAAA;AAAA;AAAA,eAAG;AAAA,QACFL,MAAMM;AAAAA,WAHT;AAAA;AAAA;AAAA;AAAA,aAIA;AAAA,SANF;AAAA;AAAA;AAAA;AAAA,WAOA;AAAA,IACA,uBAAC,SAAI,WAAU,6BACb;AAAA,6BAAC,UAAK,WAAU,cAAa,MAAK,cAC/BN,gBAAMO,SAAS,IAAIP,MAAMO,QAAQ,MADpC;AAAA;AAAA;AAAA;AAAA,aAEA;AAAA,MACA,uBAAC,UAAK,WAAU,aAAaP,gBAAMQ,QAAnC;AAAA;AAAA;AAAA;AAAA,aAAwC;AAAA,SAJ1C;AAAA;AAAA;AAAA;AAAA,WAKA;AAAA,OAnBF;AAAA;AAAA;AAAA;AAAA,SAoBA;AAEJ;AAACC,KAxBQV;AA0BT,SAASA;AAAW;AAAAW",
      "names": [
        "ItemCard",
        "props",
        "thumbnail",
        "name",
        "price",
        "date",
        "typeRoom",
        "description",
        "likes",
        "view",
        "_c",
        "$RefreshReg$"
      ],
      "sources": [
        "/Users/svetlana/Documents/react-test/react-test/src/components/itemCard/ItemCard.tsx"
      ],
      "file": "/Users/svetlana/Documents/react-test/react-test/src/components/itemCard/ItemCard.tsx"
    },
    "_coverageSchema": "1a1c01bbd47fc00a2c39e90264f33305004495a9",
    "hash": "96560ccbb3ba99b3ae6e89945e4563f2f97e0f3a"
  },
  "/Users/svetlana/Documents/react-test/react-test/src/hook.ts": {
    "path": "/Users/svetlana/Documents/react-test/react-test/src/hook.ts",
    "statementMap": {
      "0": {
        "start": {
          "line": 2,
          "column": 30
        },
        "end": {
          "line": 2,
          "column": 49
        }
      },
      "1": {
        "start": {
          "line": 2,
          "column": 36
        },
        "end": {
          "line": 2,
          "column": 49
        }
      },
      "2": {
        "start": {
          "line": 3,
          "column": 30
        },
        "end": {
          "line": 3,
          "column": 41
        }
      }
    },
    "fnMap": {
      "0": {
        "name": "(anonymous_0)",
        "decl": {
          "start": {
            "line": 2,
            "column": 30
          },
          "end": {
            "line": 2,
            "column": 31
          }
        },
        "loc": {
          "start": {
            "line": 2,
            "column": 36
          },
          "end": {
            "line": 2,
            "column": 49
          }
        },
        "line": 2
      }
    },
    "branchMap": {},
    "s": {
      "0": 20,
      "1": 78,
      "2": 20
    },
    "f": {
      "0": 78
    },
    "b": {},
    "inputSourceMap": {
      "version": 3,
      "sources": [
        "/Users/svetlana/Documents/react-test/react-test/src/hook.ts"
      ],
      "mappings": "AAAA,SAAS,aAAmC,mBAAmB;AAGxD,aAAM,iBAAiB,MAAM,YAAyB;AACtD,aAAM,iBAAkD;",
      "names": []
    },
    "_coverageSchema": "1a1c01bbd47fc00a2c39e90264f33305004495a9",
    "hash": "537ae3be7f348b11ac7966f116affa11fb0a3a4f"
  },
  "/Users/svetlana/Documents/react-test/react-test/src/components/listCard/ListCard.tsx": {
    "path": "/Users/svetlana/Documents/react-test/react-test/src/components/listCard/ListCard.tsx",
    "statementMap": {
      "0": {
        "start": {
          "line": 6,
          "column": 0
        },
        "end": {
          "line": 16,
          "column": 1
        }
      },
      "1": {
        "start": {
          "line": 7,
          "column": 2
        },
        "end": {
          "line": 9,
          "column": 3
        }
      },
      "2": {
        "start": {
          "line": 8,
          "column": 4
        },
        "end": {
          "line": 8,
          "column": 165
        }
      },
      "3": {
        "start": {
          "line": 10,
          "column": 2
        },
        "end": {
          "line": 10,
          "column": 39
        }
      },
      "4": {
        "start": {
          "line": 11,
          "column": 2
        },
        "end": {
          "line": 11,
          "column": 39
        }
      },
      "5": {
        "start": {
          "line": 12,
          "column": 2
        },
        "end": {
          "line": 14,
          "column": 4
        }
      },
      "6": {
        "start": {
          "line": 13,
          "column": 4
        },
        "end": {
          "line": 13,
          "column": 128
        }
      },
      "7": {
        "start": {
          "line": 15,
          "column": 2
        },
        "end": {
          "line": 15,
          "column": 75
        }
      },
      "8": {
        "start": {
          "line": 17,
          "column": 9
        },
        "end": {
          "line": 17,
          "column": 23
        }
      },
      "9": {
        "start": {
          "line": 22,
          "column": 2
        },
        "end": {
          "line": 22,
          "column": 7
        }
      },
      "10": {
        "start": {
          "line": 23,
          "column": 19
        },
        "end": {
          "line": 23,
          "column": 65
        }
      },
      "11": {
        "start": {
          "line": 23,
          "column": 45
        },
        "end": {
          "line": 23,
          "column": 64
        }
      },
      "12": {
        "start": {
          "line": 24,
          "column": 2
        },
        "end": {
          "line": 28,
          "column": 11
        }
      },
      "13": {
        "start": {
          "line": 24,
          "column": 119
        },
        "end": {
          "line": 24,
          "column": 160
        }
      },
      "14": {
        "start": {
          "line": 30,
          "column": 0
        },
        "end": {
          "line": 32,
          "column": 3
        }
      },
      "15": {
        "start": {
          "line": 31,
          "column": 2
        },
        "end": {
          "line": 31,
          "column": 26
        }
      },
      "16": {
        "start": {
          "line": 33,
          "column": 0
        },
        "end": {
          "line": 33,
          "column": 14
        }
      },
      "17": {
        "start": {
          "line": 36,
          "column": 0
        },
        "end": {
          "line": 36,
          "column": 29
        }
      },
      "18": {
        "start": {
          "line": 37,
          "column": 0
        },
        "end": {
          "line": 53,
          "column": 1
        }
      },
      "19": {
        "start": {
          "line": 38,
          "column": 2
        },
        "end": {
          "line": 38,
          "column": 39
        }
      },
      "20": {
        "start": {
          "line": 39,
          "column": 2
        },
        "end": {
          "line": 39,
          "column": 39
        }
      },
      "21": {
        "start": {
          "line": 40,
          "column": 2
        },
        "end": {
          "line": 52,
          "column": 5
        }
      },
      "22": {
        "start": {
          "line": 44,
          "column": 4
        },
        "end": {
          "line": 44,
          "column": 154
        }
      },
      "23": {
        "start": {
          "line": 45,
          "column": 4
        },
        "end": {
          "line": 51,
          "column": 7
        }
      },
      "24": {
        "start": {
          "line": 46,
          "column": 6
        },
        "end": {
          "line": 47,
          "column": 15
        }
      },
      "25": {
        "start": {
          "line": 47,
          "column": 8
        },
        "end": {
          "line": 47,
          "column": 15
        }
      },
      "26": {
        "start": {
          "line": 48,
          "column": 32
        },
        "end": {
          "line": 48,
          "column": 115
        }
      },
      "27": {
        "start": {
          "line": 49,
          "column": 6
        },
        "end": {
          "line": 50,
          "column": 54
        }
      },
      "28": {
        "start": {
          "line": 50,
          "column": 8
        },
        "end": {
          "line": 50,
          "column": 54
        }
      }
    },
    "fnMap": {
      "0": {
        "name": "(anonymous_0)",
        "decl": {
          "start": {
            "line": 12,
            "column": 24
          },
          "end": {
            "line": 12,
            "column": 25
          }
        },
        "loc": {
          "start": {
            "line": 12,
            "column": 38
          },
          "end": {
            "line": 14,
            "column": 3
          }
        },
        "line": 12
      },
      "1": {
        "name": "ListCard",
        "decl": {
          "start": {
            "line": 21,
            "column": 9
          },
          "end": {
            "line": 21,
            "column": 17
          }
        },
        "loc": {
          "start": {
            "line": 21,
            "column": 20
          },
          "end": {
            "line": 29,
            "column": 1
          }
        },
        "line": 21
      },
      "2": {
        "name": "(anonymous_2)",
        "decl": {
          "start": {
            "line": 23,
            "column": 34
          },
          "end": {
            "line": 23,
            "column": 35
          }
        },
        "loc": {
          "start": {
            "line": 23,
            "column": 45
          },
          "end": {
            "line": 23,
            "column": 64
          }
        },
        "line": 23
      },
      "3": {
        "name": "(anonymous_3)",
        "decl": {
          "start": {
            "line": 24,
            "column": 88
          },
          "end": {
            "line": 24,
            "column": 89
          }
        },
        "loc": {
          "start": {
            "line": 24,
            "column": 119
          },
          "end": {
            "line": 24,
            "column": 160
          }
        },
        "line": 24
      },
      "4": {
        "name": "(anonymous_4)",
        "decl": {
          "start": {
            "line": 30,
            "column": 52
          },
          "end": {
            "line": 30,
            "column": 53
          }
        },
        "loc": {
          "start": {
            "line": 30,
            "column": 63
          },
          "end": {
            "line": 32,
            "column": 1
          }
        },
        "line": 30
      },
      "5": {
        "name": "(anonymous_5)",
        "decl": {
          "start": {
            "line": 43,
            "column": 9
          },
          "end": {
            "line": 43,
            "column": 10
          }
        },
        "loc": {
          "start": {
            "line": 43,
            "column": 29
          },
          "end": {
            "line": 52,
            "column": 3
          }
        },
        "line": 43
      },
      "6": {
        "name": "(anonymous_6)",
        "decl": {
          "start": {
            "line": 45,
            "column": 27
          },
          "end": {
            "line": 45,
            "column": 28
          }
        },
        "loc": {
          "start": {
            "line": 45,
            "column": 44
          },
          "end": {
            "line": 51,
            "column": 5
          }
        },
        "line": 45
      }
    },
    "branchMap": {
      "0": {
        "loc": {
          "start": {
            "line": 6,
            "column": 0
          },
          "end": {
            "line": 16,
            "column": 1
          }
        },
        "type": "if",
        "locations": [
          {
            "start": {
              "line": 6,
              "column": 0
            },
            "end": {
              "line": 16,
              "column": 1
            }
          },
          {
            "start": {},
            "end": {}
          }
        ],
        "line": 6
      },
      "1": {
        "loc": {
          "start": {
            "line": 7,
            "column": 2
          },
          "end": {
            "line": 9,
            "column": 3
          }
        },
        "type": "if",
        "locations": [
          {
            "start": {
              "line": 7,
              "column": 2
            },
            "end": {
              "line": 9,
              "column": 3
            }
          },
          {
            "start": {},
            "end": {}
          }
        ],
        "line": 7
      },
      "2": {
        "loc": {
          "start": {
            "line": 37,
            "column": 0
          },
          "end": {
            "line": 53,
            "column": 1
          }
        },
        "type": "if",
        "locations": [
          {
            "start": {
              "line": 37,
              "column": 0
            },
            "end": {
              "line": 53,
              "column": 1
            }
          },
          {
            "start": {},
            "end": {}
          }
        ],
        "line": 37
      },
      "3": {
        "loc": {
          "start": {
            "line": 46,
            "column": 6
          },
          "end": {
            "line": 47,
            "column": 15
          }
        },
        "type": "if",
        "locations": [
          {
            "start": {
              "line": 46,
              "column": 6
            },
            "end": {
              "line": 47,
              "column": 15
            }
          },
          {
            "start": {},
            "end": {}
          }
        ],
        "line": 46
      },
      "4": {
        "loc": {
          "start": {
            "line": 49,
            "column": 6
          },
          "end": {
            "line": 50,
            "column": 54
          }
        },
        "type": "if",
        "locations": [
          {
            "start": {
              "line": 49,
              "column": 6
            },
            "end": {
              "line": 50,
              "column": 54
            }
          },
          {
            "start": {},
            "end": {}
          }
        ],
        "line": 49
      }
    },
    "s": {
      "0": 20,
      "1": 20,
      "2": 0,
      "3": 20,
      "4": 20,
      "5": 20,
      "6": 20,
      "7": 20,
      "8": 20,
      "9": 10,
      "10": 10,
      "11": 10,
      "12": 10,
      "13": 0,
      "14": 20,
      "15": 8,
      "16": 20,
      "17": 20,
      "18": 20,
      "19": 20,
      "20": 20,
      "21": 20,
      "22": 12,
      "23": 12,
      "24": 0,
      "25": 0,
      "26": 0,
      "27": 0,
      "28": 0
    },
    "f": {
      "0": 20,
      "1": 10,
      "2": 10,
      "3": 0,
      "4": 8,
      "5": 12,
      "6": 0
    },
    "b": {
      "0": [
        20,
        0
      ],
      "1": [
        0,
        20
      ],
      "2": [
        20,
        0
      ],
      "3": [
        0,
        0
      ],
      "4": [
        0,
        0
      ]
    },
    "inputSourceMap": {
      "version": 3,
      "mappings": "AAOI;AAEI;;;;;;;;;;;;;;;;AATR,SAASA,gBAAgB;AACzB,SAASC,sBAAsB;AAC/B,OAAO;AAEP,SAASC,WAAW;AAAAC;AAClB,QAAMC,WAAWH,eAAgBI,WAAUA,MAAMD,SAASE,IAAI;AAC9D,SACE,uBAAC,aAAQ,WAAU,SAChBF,mBAASG,IAAI,CAACC,MAAMC,QACnB,8BAAC,YAAS,GAAID,MAAM,KAAS,CAC9B,KAHH;AAAA;AAAA;AAAA;AAAA,SAIA;AAEJ;AAACL,GATQD,UAAQ;AAAA,UACED,cAAc;AAAA;AAAAS,KADxBR;AAWT,SAASA;AAAW;AAAAS",
      "names": [
        "ItemCard",
        "useAppSelector",
        "ListCard",
        "_s",
        "listCard",
        "state",
        "list",
        "map",
        "item",
        "key",
        "_c",
        "$RefreshReg$"
      ],
      "sources": [
        "/Users/svetlana/Documents/react-test/react-test/src/components/listCard/ListCard.tsx"
      ],
      "file": "/Users/svetlana/Documents/react-test/react-test/src/components/listCard/ListCard.tsx"
    },
    "_coverageSchema": "1a1c01bbd47fc00a2c39e90264f33305004495a9",
    "hash": "30ad8b611efac0029a471bf9dd71c567d339d8c5"
  },
  "/Users/svetlana/Documents/react-test/react-test/src/components/UI/label/Label.tsx": {
    "path": "/Users/svetlana/Documents/react-test/react-test/src/components/UI/label/Label.tsx",
    "statementMap": {
      "0": {
        "start": {
          "line": 5,
          "column": 0
        },
        "end": {
          "line": 15,
          "column": 1
        }
      },
      "1": {
        "start": {
          "line": 6,
          "column": 2
        },
        "end": {
          "line": 8,
          "column": 3
        }
      },
      "2": {
        "start": {
          "line": 7,
          "column": 4
        },
        "end": {
          "line": 7,
          "column": 165
        }
      },
      "3": {
        "start": {
          "line": 9,
          "column": 2
        },
        "end": {
          "line": 9,
          "column": 39
        }
      },
      "4": {
        "start": {
          "line": 10,
          "column": 2
        },
        "end": {
          "line": 10,
          "column": 39
        }
      },
      "5": {
        "start": {
          "line": 11,
          "column": 2
        },
        "end": {
          "line": 13,
          "column": 4
        }
      },
      "6": {
        "start": {
          "line": 12,
          "column": 4
        },
        "end": {
          "line": 12,
          "column": 125
        }
      },
      "7": {
        "start": {
          "line": 14,
          "column": 2
        },
        "end": {
          "line": 14,
          "column": 75
        }
      },
      "8": {
        "start": {
          "line": 18,
          "column": 2
        },
        "end": {
          "line": 22,
          "column": 11
        }
      },
      "9": {
        "start": {
          "line": 24,
          "column": 0
        },
        "end": {
          "line": 24,
          "column": 11
        }
      },
      "10": {
        "start": {
          "line": 26,
          "column": 0
        },
        "end": {
          "line": 26,
          "column": 26
        }
      },
      "11": {
        "start": {
          "line": 27,
          "column": 0
        },
        "end": {
          "line": 43,
          "column": 1
        }
      },
      "12": {
        "start": {
          "line": 28,
          "column": 2
        },
        "end": {
          "line": 28,
          "column": 39
        }
      },
      "13": {
        "start": {
          "line": 29,
          "column": 2
        },
        "end": {
          "line": 29,
          "column": 39
        }
      },
      "14": {
        "start": {
          "line": 30,
          "column": 2
        },
        "end": {
          "line": 42,
          "column": 5
        }
      },
      "15": {
        "start": {
          "line": 34,
          "column": 4
        },
        "end": {
          "line": 34,
          "column": 151
        }
      },
      "16": {
        "start": {
          "line": 35,
          "column": 4
        },
        "end": {
          "line": 41,
          "column": 7
        }
      },
      "17": {
        "start": {
          "line": 36,
          "column": 6
        },
        "end": {
          "line": 37,
          "column": 15
        }
      },
      "18": {
        "start": {
          "line": 37,
          "column": 8
        },
        "end": {
          "line": 37,
          "column": 15
        }
      },
      "19": {
        "start": {
          "line": 38,
          "column": 32
        },
        "end": {
          "line": 38,
          "column": 115
        }
      },
      "20": {
        "start": {
          "line": 39,
          "column": 6
        },
        "end": {
          "line": 40,
          "column": 54
        }
      },
      "21": {
        "start": {
          "line": 40,
          "column": 8
        },
        "end": {
          "line": 40,
          "column": 54
        }
      }
    },
    "fnMap": {
      "0": {
        "name": "(anonymous_0)",
        "decl": {
          "start": {
            "line": 11,
            "column": 24
          },
          "end": {
            "line": 11,
            "column": 25
          }
        },
        "loc": {
          "start": {
            "line": 11,
            "column": 38
          },
          "end": {
            "line": 13,
            "column": 3
          }
        },
        "line": 11
      },
      "1": {
        "name": "Label",
        "decl": {
          "start": {
            "line": 17,
            "column": 16
          },
          "end": {
            "line": 17,
            "column": 21
          }
        },
        "loc": {
          "start": {
            "line": 17,
            "column": 29
          },
          "end": {
            "line": 23,
            "column": 1
          }
        },
        "line": 17
      },
      "2": {
        "name": "(anonymous_2)",
        "decl": {
          "start": {
            "line": 33,
            "column": 9
          },
          "end": {
            "line": 33,
            "column": 10
          }
        },
        "loc": {
          "start": {
            "line": 33,
            "column": 29
          },
          "end": {
            "line": 42,
            "column": 3
          }
        },
        "line": 33
      },
      "3": {
        "name": "(anonymous_3)",
        "decl": {
          "start": {
            "line": 35,
            "column": 27
          },
          "end": {
            "line": 35,
            "column": 28
          }
        },
        "loc": {
          "start": {
            "line": 35,
            "column": 44
          },
          "end": {
            "line": 41,
            "column": 5
          }
        },
        "line": 35
      }
    },
    "branchMap": {
      "0": {
        "loc": {
          "start": {
            "line": 5,
            "column": 0
          },
          "end": {
            "line": 15,
            "column": 1
          }
        },
        "type": "if",
        "locations": [
          {
            "start": {
              "line": 5,
              "column": 0
            },
            "end": {
              "line": 15,
              "column": 1
            }
          },
          {
            "start": {},
            "end": {}
          }
        ],
        "line": 5
      },
      "1": {
        "loc": {
          "start": {
            "line": 6,
            "column": 2
          },
          "end": {
            "line": 8,
            "column": 3
          }
        },
        "type": "if",
        "locations": [
          {
            "start": {
              "line": 6,
              "column": 2
            },
            "end": {
              "line": 8,
              "column": 3
            }
          },
          {
            "start": {},
            "end": {}
          }
        ],
        "line": 6
      },
      "2": {
        "loc": {
          "start": {
            "line": 27,
            "column": 0
          },
          "end": {
            "line": 43,
            "column": 1
          }
        },
        "type": "if",
        "locations": [
          {
            "start": {
              "line": 27,
              "column": 0
            },
            "end": {
              "line": 43,
              "column": 1
            }
          },
          {
            "start": {},
            "end": {}
          }
        ],
        "line": 27
      },
      "3": {
        "loc": {
          "start": {
            "line": 36,
            "column": 6
          },
          "end": {
            "line": 37,
            "column": 15
          }
        },
        "type": "if",
        "locations": [
          {
            "start": {
              "line": 36,
              "column": 6
            },
            "end": {
              "line": 37,
              "column": 15
            }
          },
          {
            "start": {},
            "end": {}
          }
        ],
        "line": 36
      },
      "4": {
        "loc": {
          "start": {
            "line": 39,
            "column": 6
          },
          "end": {
            "line": 40,
            "column": 54
          }
        },
        "type": "if",
        "locations": [
          {
            "start": {
              "line": 39,
              "column": 6
            },
            "end": {
              "line": 40,
              "column": 54
            }
          },
          {
            "start": {},
            "end": {}
          }
        ],
        "line": 39
      }
    },
    "s": {
      "0": 20,
      "1": 20,
      "2": 0,
      "3": 20,
      "4": 20,
      "5": 20,
      "6": 20,
      "7": 20,
      "8": 100,
      "9": 20,
      "10": 20,
      "11": 20,
      "12": 20,
      "13": 20,
      "14": 20,
      "15": 12,
      "16": 12,
      "17": 0,
      "18": 0,
      "19": 0,
      "20": 0,
      "21": 0
    },
    "f": {
      "0": 20,
      "1": 100,
      "2": 12,
      "3": 0
    },
    "b": {
      "0": [
        20,
        0
      ],
      "1": [
        0,
        20
      ],
      "2": [
        20,
        0
      ],
      "3": [
        0,
        0
      ],
      "4": [
        0,
        0
      ]
    },
    "inputSourceMap": {
      "version": 3,
      "mappings": "AAWI;AAXJ,OAAOA,oBAAkB;AAAA;AAAA;AAAA;AAAA;AAAA;AAAA;AAAA;AAAA;AAAA;AAAA;AAAA;AAAA;AAAA;AAEzB,OAAO;AAOA,gBAASC,MAAMC,OAAmC;AACvD,SACE,uBAAC,WAAM,GAAIA,OAAO,WAAU,SACzBA,gBAAMC,YADT;AAAA;AAAA;AAAA;AAAA,SAEA;AAEJ;AAACC,KANeH;AAAK;AAAAI",
      "names": [
        "React",
        "Label",
        "props",
        "children",
        "_c",
        "$RefreshReg$"
      ],
      "sources": [
        "/Users/svetlana/Documents/react-test/react-test/src/components/UI/label/Label.tsx"
      ],
      "file": "/Users/svetlana/Documents/react-test/react-test/src/components/UI/label/Label.tsx"
    },
    "_coverageSchema": "1a1c01bbd47fc00a2c39e90264f33305004495a9",
    "hash": "b75e8dc2f7af6da6d23869b4a99d9a073333a4b6"
  },
  "/Users/svetlana/Documents/react-test/react-test/src/components/UI/inputText/InputText.tsx": {
    "path": "/Users/svetlana/Documents/react-test/react-test/src/components/UI/inputText/InputText.tsx",
    "statementMap": {
      "0": {
        "start": {
          "line": 5,
          "column": 0
        },
        "end": {
          "line": 15,
          "column": 1
        }
      },
      "1": {
        "start": {
          "line": 6,
          "column": 2
        },
        "end": {
          "line": 8,
          "column": 3
        }
      },
      "2": {
        "start": {
          "line": 7,
          "column": 4
        },
        "end": {
          "line": 7,
          "column": 165
        }
      },
      "3": {
        "start": {
          "line": 9,
          "column": 2
        },
        "end": {
          "line": 9,
          "column": 39
        }
      },
      "4": {
        "start": {
          "line": 10,
          "column": 2
        },
        "end": {
          "line": 10,
          "column": 39
        }
      },
      "5": {
        "start": {
          "line": 11,
          "column": 2
        },
        "end": {
          "line": 13,
          "column": 4
        }
      },
      "6": {
        "start": {
          "line": 12,
          "column": 4
        },
        "end": {
          "line": 12,
          "column": 133
        }
      },
      "7": {
        "start": {
          "line": 14,
          "column": 2
        },
        "end": {
          "line": 14,
          "column": 75
        }
      },
      "8": {
        "start": {
          "line": 18,
          "column": 25
        },
        "end": {
          "line": 22,
          "column": 9
        }
      },
      "9": {
        "start": {
          "line": 18,
          "column": 79
        },
        "end": {
          "line": 22,
          "column": 8
        }
      },
      "10": {
        "start": {
          "line": 23,
          "column": 0
        },
        "end": {
          "line": 23,
          "column": 16
        }
      },
      "11": {
        "start": {
          "line": 25,
          "column": 0
        },
        "end": {
          "line": 25,
          "column": 47
        }
      },
      "12": {
        "start": {
          "line": 26,
          "column": 0
        },
        "end": {
          "line": 26,
          "column": 31
        }
      },
      "13": {
        "start": {
          "line": 27,
          "column": 0
        },
        "end": {
          "line": 43,
          "column": 1
        }
      },
      "14": {
        "start": {
          "line": 28,
          "column": 2
        },
        "end": {
          "line": 28,
          "column": 39
        }
      },
      "15": {
        "start": {
          "line": 29,
          "column": 2
        },
        "end": {
          "line": 29,
          "column": 39
        }
      },
      "16": {
        "start": {
          "line": 30,
          "column": 2
        },
        "end": {
          "line": 42,
          "column": 5
        }
      },
      "17": {
        "start": {
          "line": 34,
          "column": 4
        },
        "end": {
          "line": 34,
          "column": 159
        }
      },
      "18": {
        "start": {
          "line": 35,
          "column": 4
        },
        "end": {
          "line": 41,
          "column": 7
        }
      },
      "19": {
        "start": {
          "line": 36,
          "column": 6
        },
        "end": {
          "line": 37,
          "column": 15
        }
      },
      "20": {
        "start": {
          "line": 37,
          "column": 8
        },
        "end": {
          "line": 37,
          "column": 15
        }
      },
      "21": {
        "start": {
          "line": 38,
          "column": 32
        },
        "end": {
          "line": 38,
          "column": 115
        }
      },
      "22": {
        "start": {
          "line": 39,
          "column": 6
        },
        "end": {
          "line": 40,
          "column": 54
        }
      },
      "23": {
        "start": {
          "line": 40,
          "column": 8
        },
        "end": {
          "line": 40,
          "column": 54
        }
      }
    },
    "fnMap": {
      "0": {
        "name": "(anonymous_0)",
        "decl": {
          "start": {
            "line": 11,
            "column": 24
          },
          "end": {
            "line": 11,
            "column": 25
          }
        },
[...]
            "line": 58,
            "column": 29
          },
          "end": {
            "line": 67,
            "column": 3
          }
        },
        "line": 58
      },
      "4": {
        "name": "(anonymous_4)",
        "decl": {
          "start": {
            "line": 60,
            "column": 27
          },
          "end": {
            "line": 60,
            "column": 28
          }
        },
        "loc": {
          "start": {
            "line": 60,
            "column": 44
          },
          "end": {
            "line": 66,
            "column": 5
          }
        },
        "line": 60
      }
    },
    "branchMap": {
      "0": {
        "loc": {
          "start": {
            "line": 5,
            "column": 0
          },
          "end": {
            "line": 15,
            "column": 1
          }
        },
        "type": "if",
        "locations": [
          {
            "start": {
              "line": 5,
              "column": 0
            },
            "end": {
              "line": 15,
              "column": 1
            }
          },
          {
            "start": {},
            "end": {}
          }
        ],
        "line": 5
      },
      "1": {
        "loc": {
          "start": {
            "line": 6,
            "column": 2
          },
          "end": {
            "line": 8,
            "column": 3
          }
        },
        "type": "if",
        "locations": [
          {
            "start": {
              "line": 6,
              "column": 2
            },
            "end": {
              "line": 8,
              "column": 3
            }
          },
          {
            "start": {},
            "end": {}
          }
        ],
        "line": 6
      },
      "2": {
        "loc": {
          "start": {
            "line": 20,
            "column": 6
          },
          "end": {
            "line": 20,
            "column": 35
          }
        },
        "type": "cond-expr",
        "locations": [
          {
            "start": {
              "line": 20,
              "column": 17
            },
            "end": {
              "line": 20,
              "column": 30
            }
          },
          {
            "start": {
              "line": 20,
              "column": 33
            },
            "end": {
              "line": 20,
              "column": 35
            }
          }
        ],
        "line": 20
      },
      "3": {
        "loc": {
          "start": {
            "line": 52,
            "column": 0
          },
          "end": {
            "line": 68,
            "column": 1
          }
        },
        "type": "if",
        "locations": [
          {
            "start": {
              "line": 52,
              "column": 0
            },
            "end": {
              "line": 68,
              "column": 1
            }
          },
          {
            "start": {},
            "end": {}
          }
        ],
        "line": 52
      },
      "4": {
        "loc": {
          "start": {
            "line": 61,
            "column": 6
          },
          "end": {
            "line": 62,
            "column": 15
          }
        },
        "type": "if",
        "locations": [
          {
            "start": {
              "line": 61,
              "column": 6
            },
            "end": {
              "line": 62,
              "column": 15
            }
          },
          {
            "start": {},
            "end": {}
          }
        ],
        "line": 61
      },
      "5": {
        "loc": {
          "start": {
            "line": 64,
            "column": 6
          },
          "end": {
            "line": 65,
            "column": 54
          }
        },
        "type": "if",
        "locations": [
          {
            "start": {
              "line": 64,
              "column": 6
            },
            "end": {
              "line": 65,
              "column": 54
            }
          },
          {
            "start": {},
            "end": {}
          }
        ],
        "line": 64
      }
    },
    "s": {
      "0": 20,
      "1": 20,
      "2": 0,
      "3": 20,
      "4": 20,
      "5": 20,
      "6": 20,
      "7": 20,
      "8": 20,
      "9": 120,
      "10": 36,
      "11": 20,
      "12": 20,
      "13": 20,
      "14": 20,
      "15": 20,
      "16": 20,
      "17": 12,
      "18": 12,
      "19": 0,
      "20": 0,
      "21": 0,
      "22": 0,
      "23": 0
    },
    "f": {
      "0": 20,
      "1": 120,
      "2": 36,
      "3": 12,
      "4": 0
    },
    "b": {
      "0": [
        20,
        0
      ],
      "1": [
        0,
        20
      ],
      "2": [
        40,
        80
      ],
      "3": [
        20,
        0
      ],
      "4": [
        0,
        0
      ],
      "5": [
        0,
        0
      ]
    },
    "inputSourceMap": {
      "version": 3,
      "mappings": "AAUM;AAVN,2BAAwB;AAAkB;AAAA;AAAA;AAAA;AAAA;AAAA;AAAA;AAAA;AAAA;AAAA;AAAA;AAAA;AAAA;AAAA;AAG1C,OAAO;AAEP,MAAMA,YAAYA,CAAC;AAAA,EAAEC;AAAgC,MAAOA,WAAW,gBAAgB;AAEhF,gBAASC,OAAOC,OAAgC;AACrD,SACE,uBAAC,YAAO,WAAU,oBAChB;AAAA,2BAAC,WAAQ,IAAG,KAAI,WAAWH,WAAU,oBAArC;AAAA;AAAA;AAAA;AAAA,WAEA;AAAA,IACA,uBAAC,WAAQ,IAAG,UAAS,WAAWA,WAAU,qBAA1C;AAAA;AAAA;AAAA;AAAA,WAEA;AAAA,IACA,uBAAC,WAAQ,IAAG,eAAc,WAAWA,WAAU,2BAA/C;AAAA;AAAA;AAAA;AAAA,WAEA;AAAA,IACA,uBAAC,QAAIG,gBAAMC,SAAX;AAAA;AAAA;AAAA;AAAA,WAAiB;AAAA,OAVnB;AAAA;AAAA;AAAA;AAAA,SAWA;AAEJ;AAACC,KAfeH;AAAM;AAAAI",
      "names": [
        "setActive",
        "isActive",
        "Header",
        "props",
        "title",
        "_c",
        "$RefreshReg$"
      ],
      "sources": [
        "/Users/svetlana/Documents/react-test/react-test/src/components/header/Header.tsx"
      ],
      "file": "/Users/svetlana/Documents/react-test/react-test/src/components/header/Header.tsx"
    },
    "_coverageSchema": "1a1c01bbd47fc00a2c39e90264f33305004495a9",
    "hash": "69c26e55f8002d7ed6c798f1761654e62c10c814"
  },
  "/Users/svetlana/Documents/react-test/react-test/src/App.tsx": {
    "path": "/Users/svetlana/Documents/react-test/react-test/src/App.tsx",
    "statementMap": {
      "0": {
        "start": {
          "line": 5,
          "column": 0
        },
        "end": {
          "line": 15,
          "column": 1
        }
      },
      "1": {
        "start": {
          "line": 6,
          "column": 2
        },
        "end": {
          "line": 8,
          "column": 3
        }
      },
      "2": {
        "start": {
          "line": 7,
          "column": 4
        },
        "end": {
          "line": 7,
          "column": 165
        }
      },
      "3": {
        "start": {
          "line": 9,
          "column": 2
        },
        "end": {
          "line": 9,
          "column": 39
        }
      },
      "4": {
        "start": {
          "line": 10,
          "column": 2
        },
        "end": {
          "line": 10,
          "column": 39
        }
      },
      "5": {
        "start": {
          "line": 11,
          "column": 2
        },
        "end": {
          "line": 13,
          "column": 4
        }
      },
      "6": {
        "start": {
          "line": 12,
          "column": 4
        },
        "end": {
          "line": 12,
          "column": 103
        }
      },
      "7": {
        "start": {
          "line": 14,
          "column": 2
        },
        "end": {
          "line": 14,
          "column": 75
        }
      },
      "8": {
        "start": {
          "line": 16,
          "column": 9
        },
        "end": {
          "line": 16,
          "column": 23
        }
      },
      "9": {
        "start": {
          "line": 24,
          "column": 2
        },
        "end": {
          "line": 24,
          "column": 7
        }
      },
      "10": {
        "start": {
          "line": 25,
          "column": 22
        },
        "end": {
          "line": 27,
          "column": 3
        }
      },
      "11": {
        "start": {
          "line": 26,
          "column": 4
        },
        "end": {
          "line": 26,
          "column": 21
        }
      },
      "12": {
        "start": {
          "line": 28,
          "column": 28
        },
        "end": {
          "line": 28,
          "column": 40
        }
      },
      "13": {
        "start": {
          "line": 29,
          "column": 2
        },
        "end": {
          "line": 89,
          "column": 11
        }
      },
      "14": {
        "start": {
          "line": 91,
          "column": 0
        },
        "end": {
          "line": 91,
          "column": 40
        }
      },
      "15": {
        "start": {
          "line": 92,
          "column": 0
        },
        "end": {
          "line": 92,
          "column": 9
        }
      },
      "16": {
        "start": {
          "line": 95,
          "column": 0
        },
        "end": {
          "line": 95,
          "column": 24
        }
      },
      "17": {
        "start": {
          "line": 96,
          "column": 0
        },
        "end": {
          "line": 112,
          "column": 1
        }
      },
      "18": {
        "start": {
          "line": 97,
          "column": 2
        },
        "end": {
          "line": 97,
          "column": 39
        }
      },
      "19": {
        "start": {
          "line": 98,
          "column": 2
        },
        "end": {
          "line": 98,
          "column": 39
        }
      },
      "20": {
        "start": {
          "line": 99,
          "column": 2
        },
        "end": {
          "line": 111,
          "column": 5
        }
      },
      "21": {
        "start": {
          "line": 103,
          "column": 4
        },
        "end": {
          "line": 103,
          "column": 129
        }
      },
      "22": {
        "start": {
          "line": 104,
          "column": 4
        },
        "end": {
          "line": 110,
          "column": 7
        }
      },
      "23": {
        "start": {
          "line": 105,
          "column": 6
        },
        "end": {
          "line": 106,
          "column": 15
        }
      },
      "24": {
        "start": {
          "line": 106,
          "column": 8
        },
        "end": {
          "line": 106,
          "column": 15
        }
      },
      "25": {
        "start": {
          "line": 107,
          "column": 32
        },
        "end": {
          "line": 107,
          "column": 115
        }
      },
      "26": {
        "start": {
          "line": 108,
          "column": 6
        },
        "end": {
          "line": 109,
          "column": 54
        }
      },
      "27": {
        "start": {
          "line": 109,
          "column": 8
        },
        "end": {
          "line": 109,
          "column": 54
        }
      }
    },
    "fnMap": {
      "0": {
        "name": "(anonymous_0)",
        "decl": {
          "start": {
            "line": 11,
            "column": 24
          },
          "end": {
            "line": 11,
            "column": 25
          }
        },
        "loc": {
          "start": {
            "line": 11,
            "column": 38
          },
          "end": {
            "line": 13,
            "column": 3
          }
        },
        "line": 11
      },
      "1": {
        "name": "App",
        "decl": {
          "start": {
            "line": 23,
            "column": 9
          },
          "end": {
            "line": 23,
            "column": 12
          }
        },
        "loc": {
          "start": {
            "line": 23,
            "column": 15
          },
          "end": {
            "line": 90,
            "column": 1
          }
        },
        "line": 23
      },
      "2": {
        "name": "(anonymous_2)",
        "decl": {
          "start": {
            "line": 25,
            "column": 22
          },
          "end": {
            "line": 25,
            "column": 23
          }
        },
        "loc": {
          "start": {
            "line": 25,
            "column": 34
          },
          "end": {
            "line": 27,
            "column": 3
          }
        },
        "line": 25
      },
      "3": {
        "name": "(anonymous_3)",
        "decl": {
          "start": {
            "line": 102,
            "column": 9
          },
          "end": {
            "line": 102,
            "column": 10
          }
        },
        "loc": {
          "start": {
            "line": 102,
            "column": 29
          },
          "end": {
            "line": 111,
            "column": 3
          }
        },
        "line": 102
      },
      "4": {
        "name": "(anonymous_4)",
        "decl": {
          "start": {
            "line": 104,
            "column": 27
          },
          "end": {
            "line": 104,
            "column": 28
          }
        },
        "loc": {
          "start": {
            "line": 104,
            "column": 44
          },
          "end": {
            "line": 110,
            "column": 5
          }
        },
        "line": 104
      }
    },
    "branchMap": {
      "0": {
        "loc": {
          "start": {
            "line": 5,
            "column": 0
          },
          "end": {
            "line": 15,
            "column": 1
          }
        },
        "type": "if",
        "locations": [
          {
            "start": {
              "line": 5,
              "column": 0
            },
            "end": {
              "line": 15,
              "column": 1
            }
          },
          {
            "start": {},
            "end": {}
          }
        ],
        "line": 5
      },
      "1": {
        "loc": {
          "start": {
            "line": 6,
            "column": 2
          },
          "end": {
            "line": 8,
            "column": 3
          }
        },
        "type": "if",
        "locations": [
          {
            "start": {
              "line": 6,
              "column": 2
            },
            "end": {
              "line": 8,
              "column": 3
            }
          },
          {
            "start": {},
            "end": {}
          }
        ],
        "line": 6
      },
      "2": {
        "loc": {
          "start": {
            "line": 96,
            "column": 0
          },
          "end": {
            "line": 112,
            "column": 1
          }
        },
        "type": "if",
        "locations": [
          {
            "start": {
              "line": 96,
              "column": 0
            },
            "end": {
              "line": 112,
              "column": 1
            }
          },
          {
            "start": {},
            "end": {}
          }
        ],
        "line": 96
      },
      "3": {
        "loc": {
          "start": {
            "line": 105,
            "column": 6
          },
          "end": {
            "line": 106,
            "column": 15
          }
        },
        "type": "if",
        "locations": [
          {
            "start": {
              "line": 105,
              "column": 6
            },
            "end": {
              "line": 106,
              "column": 15
            }
          },
          {
            "start": {},
            "end": {}
          }
        ],
        "line": 105
      },
      "4": {
        "loc": {
          "start": {
            "line": 108,
            "column": 6
          },
          "end": {
            "line": 109,
            "column": 54
          }
        },
        "type": "if",
        "locations": [
          {
            "start": {
              "line": 108,
              "column": 6
            },
            "end": {
              "line": 109,
              "column": 54
            }
          },
          {
            "start": {},
            "end": {}
          }
        ],
        "line": 108
      }
    },
    "s": {
      "0": 20,
      "1": 20,
      "2": 0,
      "3": 20,
      "4": 20,
      "5": 20,
      "6": 20,
      "7": 20,
      "8": 20,
      "9": 52,
      "10": 52,
      "11": 34,
      "12": 52,
      "13": 52,
      "14": 20,
      "15": 20,
      "16": 20,
      "17": 20,
      "18": 20,
      "19": 20,
      "20": 20,
      "21": 10,
      "22": 10,
      "23": 0,
      "24": 0,
      "25": 0,
      "26": 0,
      "27": 0
    },
    "f": {
      "0": 20,
      "1": 52,
      "2": 34,
      "3": 10,
      "4": 0
    },
    "b": {
      "0": [
        20,
        0
      ],
      "1": [
        0,
        20
      ],
      "2": [
        20,
        0
      ],
      "3": [
        0,
        0
      ],
      "4": [
        0,
        0
      ]
    },
    "inputSourceMap": {
      "version": 3,
      "mappings": "AAgBI,mBACE,cADF;;;;;;;;;;;;;;;;AAhBJ,SAASA,gBAAgB;AACzB,SAASC,QAAQC,aAAa;AAE9B,SAASC,UAAUC,WAAWC,gBAAgBC,oBAAoB;AAClE,SAASC,cAAc;AACvB,SAASC,cAAc;AAEvB,OAAO;AAEP,SAASC,MAAM;AAAAC;AACb,QAAMC,cAAcA,CAACC,WAAkB;AACrCC,aAASD,MAAK;AAAA,EAChB;AACA,QAAM,CAACA,OAAOC,QAAQ,IAAIb,SAAS,EAAE;AAErC,SACE,mCACE;AAAA,2BAAC,UAAO,SAAR;AAAA;AAAA;AAAA;AAAA,WAAqB;AAAA,IACrB,uBAAC,UACC,iCAAC,SAAM,MAAK,KAAI,SAAS,uBAAC,YAAD;AAAA;AAAA;AAAA;AAAA,WAAO,GAC9B;AAAA,6BAAC,SAAM,OAAK,MAAC,SAAS,uBAAC,YAAS,OAAM,QAAO,UAAUW,eAAjC;AAAA;AAAA;AAAA;AAAA,aAA6C,KAAnE;AAAA;AAAA;AAAA;AAAA,aAAuE;AAAA,MACvE,uBAAC,SAAM,MAAK,SAAQ,SAAS,uBAAC,aAAU,OAAM,SAAQ,UAAUA,eAAnC;AAAA;AAAA;AAAA;AAAA,aAA+C,KAA5E;AAAA;AAAA;AAAA;AAAA,aAAgF;AAAA,MAChF,uBAAC,SACC,MAAK,cACL,SAAS,uBAAC,kBAAe,OAAM,eAAc,UAAUA,eAA9C;AAAA;AAAA;AAAA;AAAA,aAA0D,KAFrE;AAAA;AAAA;AAAA;AAAA,aAEyE;AAAA,MAEzE,uBAAC,SAAM,MAAK,KAAI,SAAS,uBAAC,gBAAa,OAAM,YAAW,UAAUA,eAAzC;AAAA;AAAA;AAAA;AAAA,aAAqD,KAA9E;AAAA;AAAA;AAAA;AAAA,aAAkF;AAAA,SAPpF;AAAA;AAAA;AAAA;AAAA,WAQA,KATF;AAAA;AAAA;AAAA;AAAA,WAUA;AAAA,OAZF;AAAA;AAAA;AAAA;AAAA,SAaA;AAEJ;AAACD,GAtBQD,KAAG;AAAAK,KAAHL;AAwBT,eAAeA;AAAI;AAAAM",
      "names": [
        "useState",
        "Routes",
        "Route",
        "HomePage",
        "AboutPage",
        "CreateCardPage",
        "NotFoundPage",
        "Layout",
        "Header",
        "App",
        "_s",
        "changeTitle",
        "title",
        "setTitle",
        "_c",
        "$RefreshReg$"
      ],
      "sources": [
        "/Users/svetlana/Documents/react-test/react-test/src/App.tsx"
      ],
      "file": "/Users/svetlana/Documents/react-test/react-test/src/App.tsx"
    },
    "_coverageSchema": "1a1c01bbd47fc00a2c39e90264f33305004495a9",
    "hash": "9083bde3f8c42e58258b432717babb0fdda0fb2c"
  },
  "/Users/svetlana/Documents/react-test/react-test/src/ClientApp.tsx": {
    "path": "/Users/svetlana/Documents/react-test/react-test/src/ClientApp.tsx",
    "statementMap": {
      "0": {
        "start": {
          "line": 7,
          "column": 0
        },
        "end": {
          "line": 19,
          "column": 10
        }
      }
    },
    "fnMap": {},
    "branchMap": {},
    "s": {
      "0": 20
    },
    "f": {},
    "b": {},
    "inputSourceMap": {
      "version": 3,
      "mappings": "AAkBM;AAlBN,SAASA,mBAAmB;AAE5B,SAASC,qBAAqB;AAC9B,SAASC,gBAAgB;AAEzB,SAAoBC,kBAAkB;AACtC,OAAOC,SAAS;AAQhBJ,YACEK,SAASC,eAAe,MAAM,GAC9B,uBAAC,YAAS,OAAOH,WAAWI,OAAOC,mBAAmB,GACpD,iCAAC,iBACC,iCAAC,SAAD;AAAA;AAAA;AAAA;AAAA,OAAI,KADN;AAAA;AAAA;AAAA;AAAA,OAEA,KAHF;AAAA;AAAA;AAAA;AAAA,OAIA,CAAW",
      "names": [
        "hydrateRoot",
        "BrowserRouter",
        "Provider",
        "setupStore",
        "App",
        "document",
        "getElementById",
        "window",
        "__PRELOADED_STATE__"
      ],
      "sources": [
        "/Users/svetlana/Documents/react-test/react-test/src/ClientApp.tsx"
      ],
      "file": "/Users/svetlana/Documents/react-test/react-test/src/ClientApp.tsx"
    },
    "_coverageSchema": "1a1c01bbd47fc00a2c39e90264f33305004495a9",
    "hash": "086daeeb1e64a010bc71b57d6a004d154c0e5b6e"
  }
}